<?xml version="1.0" encoding="UTF-8"?>
<!-- Generated by org.testng.reporters.JUnitXMLReporter -->
<testsuite ignored="0" hostname="SheshPC" failures="0" tests="4" name="AutoHeal Tests" time="0.325" errors="0" timestamp="2025-11-28T21:47:45 IST">
  <testcase classname="com.automation.autoheal.tests.BaseTest" name="@BeforeMethod setUp" time="0.168">
    <failure type="java.lang.IllegalStateException" message="The path to the driver executable must be set by the webdriver.chrome.driver system property; for more information, see https://github.com/SeleniumHQ/selenium/wiki/ChromeDriver. The latest version can be downloaded from http://chromedriver.storage.googleapis.com/index.html">
      <![CDATA[java.lang.IllegalStateException: The path to the driver executable must be set by the webdriver.chrome.driver system property; for more information, see https://github.com/SeleniumHQ/selenium/wiki/ChromeDriver. The latest version can be downloaded from http://chromedriver.storage.googleapis.com/index.html
at com.google.common.base.Preconditions.checkState(Preconditions.java:847)
at org.openqa.selenium.remote.service.DriverService.findExecutable(DriverService.java:134)
at org.openqa.selenium.chrome.ChromeDriverService.access$000(ChromeDriverService.java:35)
at org.openqa.selenium.chrome.ChromeDriverService$Builder.findDefaultExecutable(ChromeDriverService.java:159)
at org.openqa.selenium.remote.service.DriverService$Builder.build(DriverService.java:355)
at org.openqa.selenium.chrome.ChromeDriverService.createDefaultService(ChromeDriverService.java:94)
at org.openqa.selenium.chrome.ChromeDriver.<init>(ChromeDriver.java:157)
at com.automation.autoheal.factory.WebDriverFactory.createChromeDriver(WebDriverFactory.java:52)
at com.automation.autoheal.factory.WebDriverFactory.createDriver(WebDriverFactory.java:29)
at com.automation.autoheal.tests.BaseTest.setUp(BaseTest.java:24)
at java.base/java.util.concurrent.ThreadPoolExecutor.runWorker(ThreadPoolExecutor.java:1128)
at java.base/java.util.concurrent.ThreadPoolExecutor$Worker.run(ThreadPoolExecutor.java:628)
at java.base/java.lang.Thread.run(Thread.java:834)
... Removed 16 stack frames]]>
    </failure>
  </testcase> <!-- @BeforeMethod setUp -->
  <testcase classname="com.automation.autoheal.tests.BaseTest" name="@AfterMethod tearDown" time="0.0">
    <skipped/>
  </testcase> <!-- @AfterMethod tearDown -->
  <testcase classname="com.automation.autoheal.tests.BaseTest" name="@BeforeMethod setUp" time="0.0">
    <skipped/>
  </testcase> <!-- @BeforeMethod setUp -->
  <testcase classname="com.automation.autoheal.tests.BaseTest" name="@AfterMethod tearDown" time="0.0">
    <skipped/>
  </testcase> <!-- @AfterMethod tearDown -->
  <testcase classname="com.automation.autoheal.tests.BaseTest" name="@BeforeMethod setUp" time="0.0">
    <skipped/>
  </testcase> <!-- @BeforeMethod setUp -->
  <testcase classname="com.automation.autoheal.tests.BaseTest" name="@AfterMethod tearDown" time="0.0">
    <skipped/>
  </testcase> <!-- @AfterMethod tearDown -->
  <testcase classname="com.automation.autoheal.tests.BaseTest" name="@BeforeMethod setUp" time="0.0">
    <skipped/>
  </testcase> <!-- @BeforeMethod setUp -->
  <testcase classname="com.automation.autoheal.tests.BaseTest" name="@AfterMethod tearDown" time="0.0">
    <skipped/>
  </testcase> <!-- @AfterMethod tearDown -->
  <testcase classname="com.automation.autoheal.tests.SampleTest" name="testAutoHealXPath" time="0.0">
    <skipped/>
  </testcase> <!-- testAutoHealXPath -->
  <testcase classname="com.automation.autoheal.tests.SampleTest" name="testBrokenXPathHealing" time="0.0">
    <skipped/>
  </testcase> <!-- testBrokenXPathHealing -->
  <testcase classname="com.automation.autoheal.tests.SampleTest" name="testExplicitWait" time="0.0">
    <skipped/>
  </testcase> <!-- testExplicitWait -->
  <testcase classname="com.automation.autoheal.tests.SampleTest" name="testPageLoadTracking" time="0.0">
    <skipped/>
  </testcase> <!-- testPageLoadTracking -->
</testsuite> <!-- AutoHeal Tests -->
