<?xml version="1.0" encoding="UTF-8"?>
<testsuite xmlns:xsi="http://www.w3.org/2001/XMLSchema-instance" xsi:noNamespaceSchemaLocation="https://maven.apache.org/surefire/maven-surefire-plugin/xsd/surefire-test-report.xsd" name="TestSuite" time="4.199" tests="12" errors="0" skipped="11" failures="1">
  <properties>
[...]
</properties>
  <testcase name="setUp" classname="com.automation.autoheal.tests.SampleTest" time="2.367">
    <failure message="The path to the driver executable must be set by the webdriver.chrome.driver system property; for more information, see https://github.com/SeleniumHQ/selenium/wiki/ChromeDriver. The latest version can be downloaded from http://chromedriver.storage.googleapis.com/index.html" type="java.lang.IllegalStateException">java.lang.IllegalStateException: The path to the driver executable must be set by the webdriver.chrome.driver system property; for more information, see https://github.com/SeleniumHQ/selenium/wiki/ChromeDriver. The latest version can be downloaded from http://chromedriver.storage.googleapis.com/index.html
</failure>
  </testcase>
  <testcase name="setUp" classname="com.automation.autoheal.tests.SampleTest" time="0">
    <skipped/>
  </testcase>
  <testcase name="setUp" classname="com.automation.autoheal.tests.SampleTest" time="0">
    <skipped/>
  </testcase>
  <testcase name="setUp" classname="com.automation.autoheal.tests.SampleTest" time="0">
    <skipped/>
  </testcase>
  <testcase name="testAutoHealXPath" classname="com.automation.autoheal.tests.SampleTest" time="0">
    <skipped message="The path to the driver executable must be set by the webdriver.chrome.driver system property; for more information, see https://github.com/SeleniumHQ/selenium/wiki/ChromeDriver. The latest version can be downloaded from http://chromedriver.storage.googleapis.com/index.html"/>
  </testcase>
  <testcase name="tearDown" classname="com.automation.autoheal.tests.SampleTest" time="0">
    <skipped/>
  </testcase>
  <testcase name="tearDown" classname="com.automation.autoheal.tests.SampleTest" time="0">
    <skipped/>
  </testcase>
  <testcase name="tearDown" classname="com.automation.autoheal.tests.SampleTest" time="0">
    <skipped/>
  </testcase>
  <testcase name="tearDown" classname="com.automation.autoheal.tests.SampleTest" time="0">
    <skipped/>
  </testcase>
  <testcase name="testBrokenXPathHealing" classname="com.automation.autoheal.tests.SampleTest" time="0">
    <skipped message="The path to the driver executable must be set by the webdriver.chrome.driver system property; for more information, see https://github.com/SeleniumHQ/selenium/wiki/ChromeDriver. The latest version can be downloaded from http://chromedriver.storage.googleapis.com/index.html"/>
  </testcase>
  <testcase name="testExplicitWait" classname="com.automation.autoheal.tests.SampleTest" time="0">
    <skipped message="The path to the driver executable must be set by the webdriver.chrome.driver system property; for more information, see https://github.com/SeleniumHQ/selenium/wiki/ChromeDriver. The latest version can be downloaded from http://chromedriver.storage.googleapis.com/index.html"/>
  </testcase>
  <testcase name="testPageLoadTracking" classname="com.automation.autoheal.tests.SampleTest" time="0">
    <skipped message="The path to the driver executable must be set by the webdriver.chrome.driver system property; for more information, see https://github.com/SeleniumHQ/selenium/wiki/ChromeDriver. The latest version can be downloaded from http://chromedriver.storage.googleapis.com/index.html"/>
  </testcase>
</testsuite>